2025-03-24 13:33:32,125 DEBUG    root            Loaded Command Group: ['gcloud', 'components']
2025-03-24 13:33:32,128 DEBUG    root            Loaded Command Group: ['gcloud', 'components', 'update']
2025-03-24 13:33:32,130 DEBUG    root            Running [gcloud.components.update] with arguments: [--compile-python: "True", --quiet: "True", COMPONENT-IDS:6: "['core', 'gcloud-deps', 'bq', 'gcloud', 'gcloud-crc32c', 'gsutil']"]
2025-03-24 13:33:32,131 INFO     ___FILE_ONLY___ Beginning update. This process may take several minutes.

2025-03-24 13:33:32,163 DEBUG    urllib3.connectionpool Starting new HTTPS connection (1): dl.google.com:443
2025-03-24 13:33:33,124 DEBUG    urllib3.connectionpool https://dl.google.com:443 "GET /dl/cloudsdk/channels/rapid/components-2.json HTTP/11" 200 226134
2025-03-24 13:33:33,135 INFO     ___FILE_ONLY___ 

2025-03-24 13:33:33,135 INFO     ___FILE_ONLY___ 
Your current Google Cloud CLI version is: 515.0.0

2025-03-24 13:33:33,136 INFO     ___FILE_ONLY___ Installing components from version: 515.0.0

2025-03-24 13:33:33,136 INFO     ___FILE_ONLY___ 

2025-03-24 13:33:33,136 DEBUG    root            Chosen display Format:table[box,title="These components will be removed."](details.display_name:label=Name:align=left,version.version_string:label=Version:align=right,data.size.size(zero="",min=1048576):label=Size:align=right)
2025-03-24 13:33:33,136 DEBUG    root            Chosen display Format:table[box,title="These components will be updated."](details.display_name:label=Name:align=left,version.version_string:label=Version:align=right,data.size.size(zero="",min=1048576):label=Size:align=right)
2025-03-24 13:33:33,137 DEBUG    root            Chosen display Format:table[box,title="These components will be installed."](details.display_name:label=Name:align=left,version.version_string:label=Version:align=right,data.size.size(zero="",min=1048576):label=Size:align=right)
2025-03-24 13:33:33,172 INFO     ___FILE_ONLY___ ┌─────────────────────────────────────────────────────────────────────────────┐
2025-03-24 13:33:33,172 INFO     ___FILE_ONLY___ 

2025-03-24 13:33:33,172 INFO     ___FILE_ONLY___ │                     These components will be installed.                     │
2025-03-24 13:33:33,172 INFO     ___FILE_ONLY___ 

2025-03-24 13:33:33,172 INFO     ___FILE_ONLY___ ├─────────────────────────────────────────────────────┬────────────┬──────────┤
2025-03-24 13:33:33,172 INFO     ___FILE_ONLY___ 

2025-03-24 13:33:33,172 INFO     ___FILE_ONLY___ │                         Name                        │  Version   │   Size   │
2025-03-24 13:33:33,173 INFO     ___FILE_ONLY___ 

2025-03-24 13:33:33,173 INFO     ___FILE_ONLY___ ├─────────────────────────────────────────────────────┼────────────┼──────────┤
2025-03-24 13:33:33,173 INFO     ___FILE_ONLY___ 

2025-03-24 13:33:33,173 INFO     ___FILE_ONLY___ │ 
2025-03-24 13:33:33,173 INFO     ___FILE_ONLY___ BigQuery Command Line Tool                         
2025-03-24 13:33:33,173 INFO     ___FILE_ONLY___  
2025-03-24 13:33:33,173 INFO     ___FILE_ONLY___ │ 
2025-03-24 13:33:33,173 INFO     ___FILE_ONLY___     2.1.14
2025-03-24 13:33:33,173 INFO     ___FILE_ONLY___  
2025-03-24 13:33:33,173 INFO     ___FILE_ONLY___ │ 
2025-03-24 13:33:33,173 INFO     ___FILE_ONLY___  1.8 MiB
2025-03-24 13:33:33,173 INFO     ___FILE_ONLY___  
2025-03-24 13:33:33,173 INFO     ___FILE_ONLY___ │
2025-03-24 13:33:33,173 INFO     ___FILE_ONLY___ 

2025-03-24 13:33:33,173 INFO     ___FILE_ONLY___ │ 
2025-03-24 13:33:33,174 INFO     ___FILE_ONLY___ BigQuery Command Line Tool (Platform Specific)     
2025-03-24 13:33:33,174 INFO     ___FILE_ONLY___  
2025-03-24 13:33:33,174 INFO     ___FILE_ONLY___ │ 
2025-03-24 13:33:33,174 INFO     ___FILE_ONLY___      2.1.8
2025-03-24 13:33:33,174 INFO     ___FILE_ONLY___  
2025-03-24 13:33:33,174 INFO     ___FILE_ONLY___ │ 
2025-03-24 13:33:33,174 INFO     ___FILE_ONLY___  < 1 MiB
2025-03-24 13:33:33,174 INFO     ___FILE_ONLY___  
2025-03-24 13:33:33,174 INFO     ___FILE_ONLY___ │
2025-03-24 13:33:33,174 INFO     ___FILE_ONLY___ 

2025-03-24 13:33:33,174 INFO     ___FILE_ONLY___ │ 
2025-03-24 13:33:33,174 INFO     ___FILE_ONLY___ Bundled Python 3.12 (Platform Specific)            
2025-03-24 13:33:33,174 INFO     ___FILE_ONLY___  
2025-03-24 13:33:33,174 INFO     ___FILE_ONLY___ │ 
2025-03-24 13:33:33,175 INFO     ___FILE_ONLY___     3.12.8
2025-03-24 13:33:33,175 INFO     ___FILE_ONLY___  
2025-03-24 13:33:33,175 INFO     ___FILE_ONLY___ │ 
2025-03-24 13:33:33,175 INFO     ___FILE_ONLY___ 89.2 MiB
2025-03-24 13:33:33,175 INFO     ___FILE_ONLY___  
2025-03-24 13:33:33,175 INFO     ___FILE_ONLY___ │
2025-03-24 13:33:33,175 INFO     ___FILE_ONLY___ 

2025-03-24 13:33:33,175 INFO     ___FILE_ONLY___ │ 
2025-03-24 13:33:33,175 INFO     ___FILE_ONLY___ Cloud Storage Command Line Tool                    
2025-03-24 13:33:33,175 INFO     ___FILE_ONLY___  
2025-03-24 13:33:33,175 INFO     ___FILE_ONLY___ │ 
2025-03-24 13:33:33,175 INFO     ___FILE_ONLY___       5.33
2025-03-24 13:33:33,175 INFO     ___FILE_ONLY___  
2025-03-24 13:33:33,175 INFO     ___FILE_ONLY___ │ 
2025-03-24 13:33:33,176 INFO     ___FILE_ONLY___ 11.8 MiB
2025-03-24 13:33:33,176 INFO     ___FILE_ONLY___  
2025-03-24 13:33:33,176 INFO     ___FILE_ONLY___ │
2025-03-24 13:33:33,176 INFO     ___FILE_ONLY___ 

2025-03-24 13:33:33,176 INFO     ___FILE_ONLY___ │ 
2025-03-24 13:33:33,176 INFO     ___FILE_ONLY___ Cloud Storage Command Line Tool (Platform Specific)
2025-03-24 13:33:33,176 INFO     ___FILE_ONLY___  
2025-03-24 13:33:33,176 INFO     ___FILE_ONLY___ │ 
2025-03-24 13:33:33,176 INFO     ___FILE_ONLY___       5.30
2025-03-24 13:33:33,176 INFO     ___FILE_ONLY___  
2025-03-24 13:33:33,176 INFO     ___FILE_ONLY___ │ 
2025-03-24 13:33:33,176 INFO     ___FILE_ONLY___  < 1 MiB
2025-03-24 13:33:33,176 INFO     ___FILE_ONLY___  
2025-03-24 13:33:33,176 INFO     ___FILE_ONLY___ │
2025-03-24 13:33:33,177 INFO     ___FILE_ONLY___ 

2025-03-24 13:33:33,177 INFO     ___FILE_ONLY___ │ 
2025-03-24 13:33:33,177 INFO     ___FILE_ONLY___ Google Cloud CLI Core Libraries (Platform Specific)
2025-03-24 13:33:33,177 INFO     ___FILE_ONLY___  
2025-03-24 13:33:33,177 INFO     ___FILE_ONLY___ │ 
2025-03-24 13:33:33,177 INFO     ___FILE_ONLY___ 2024.08.30
2025-03-24 13:33:33,177 INFO     ___FILE_ONLY___  
2025-03-24 13:33:33,177 INFO     ___FILE_ONLY___ │ 
2025-03-24 13:33:33,177 INFO     ___FILE_ONLY___  < 1 MiB
2025-03-24 13:33:33,177 INFO     ___FILE_ONLY___  
2025-03-24 13:33:33,177 INFO     ___FILE_ONLY___ │
2025-03-24 13:33:33,177 INFO     ___FILE_ONLY___ 

2025-03-24 13:33:33,177 INFO     ___FILE_ONLY___ │ 
2025-03-24 13:33:33,177 INFO     ___FILE_ONLY___ Google Cloud CRC32C Hash Tool (Platform Specific)  
2025-03-24 13:33:33,178 INFO     ___FILE_ONLY___  
2025-03-24 13:33:33,178 INFO     ___FILE_ONLY___ │ 
2025-03-24 13:33:33,178 INFO     ___FILE_ONLY___      1.0.0
2025-03-24 13:33:33,178 INFO     ___FILE_ONLY___  
2025-03-24 13:33:33,178 INFO     ___FILE_ONLY___ │ 
2025-03-24 13:33:33,178 INFO     ___FILE_ONLY___  1.4 MiB
2025-03-24 13:33:33,178 INFO     ___FILE_ONLY___  
2025-03-24 13:33:33,178 INFO     ___FILE_ONLY___ │
2025-03-24 13:33:33,178 INFO     ___FILE_ONLY___ 

2025-03-24 13:33:33,178 INFO     ___FILE_ONLY___ │ 
2025-03-24 13:33:33,178 INFO     ___FILE_ONLY___ gcloud cli dependencies (Platform Specific)        
2025-03-24 13:33:33,178 INFO     ___FILE_ONLY___  
2025-03-24 13:33:33,178 INFO     ___FILE_ONLY___ │ 
2025-03-24 13:33:33,178 INFO     ___FILE_ONLY___ 2021.04.16
2025-03-24 13:33:33,178 INFO     ___FILE_ONLY___  
2025-03-24 13:33:33,179 INFO     ___FILE_ONLY___ │ 
2025-03-24 13:33:33,179 INFO     ___FILE_ONLY___  < 1 MiB
2025-03-24 13:33:33,179 INFO     ___FILE_ONLY___  
2025-03-24 13:33:33,179 INFO     ___FILE_ONLY___ │
2025-03-24 13:33:33,179 INFO     ___FILE_ONLY___ 

2025-03-24 13:33:33,179 INFO     ___FILE_ONLY___ └─────────────────────────────────────────────────────┴────────────┴──────────┘
2025-03-24 13:33:33,179 INFO     ___FILE_ONLY___ 

2025-03-24 13:33:33,179 INFO     ___FILE_ONLY___ 

2025-03-24 13:33:33,182 DEBUG    urllib3.connectionpool Starting new HTTPS connection (1): dl.google.com:443
2025-03-24 13:33:34,226 DEBUG    urllib3.connectionpool https://dl.google.com:443 "GET /dl/cloudsdk/channels/rapid/RELEASE_NOTES HTTP/11" 200 1381789
2025-03-24 13:33:34,684 INFO     ___FILE_ONLY___ For the latest full release notes, please visit:
  https://cloud.google.com/sdk/release_notes


2025-03-24 13:33:34,685 INFO     ___FILE_ONLY___ Performing in place update...


2025-03-24 13:33:34,687 INFO     ___FILE_ONLY___ ╔════════════════════════════════════════════════════════════╗

2025-03-24 13:33:34,687 INFO     ___FILE_ONLY___ ╠═ Downloading: BigQuery Command Line Tool                  ═╣

2025-03-24 13:33:34,687 INFO     ___FILE_ONLY___ ╚
2025-03-24 13:33:34,690 DEBUG    urllib3.connectionpool Starting new HTTPS connection (1): dl.google.com:443
2025-03-24 13:33:35,675 DEBUG    urllib3.connectionpool https://dl.google.com:443 "GET /dl/cloudsdk/channels/rapid/components/google-cloud-sdk-bq-20250228155416.tar.gz HTTP/11" 200 1845321
2025-03-24 13:33:35,686 INFO     ___FILE_ONLY___ ═
2025-03-24 13:33:35,686 INFO     ___FILE_ONLY___ ═
2025-03-24 13:33:35,686 INFO     ___FILE_ONLY___ ═
2025-03-24 13:33:35,686 INFO     ___FILE_ONLY___ ═
2025-03-24 13:33:35,686 INFO     ___FILE_ONLY___ ═
2025-03-24 13:33:35,686 INFO     ___FILE_ONLY___ ═
2025-03-24 13:33:35,687 INFO     ___FILE_ONLY___ ═
2025-03-24 13:33:35,687 INFO     ___FILE_ONLY___ ═
2025-03-24 13:33:35,687 INFO     ___FILE_ONLY___ ═
2025-03-24 13:33:35,687 INFO     ___FILE_ONLY___ ═
2025-03-24 13:33:35,687 INFO     ___FILE_ONLY___ ═
2025-03-24 13:33:35,687 INFO     ___FILE_ONLY___ ═
2025-03-24 13:33:35,687 INFO     ___FILE_ONLY___ ═
2025-03-24 13:33:35,687 INFO     ___FILE_ONLY___ ═
2025-03-24 13:33:35,687 INFO     ___FILE_ONLY___ ═
2025-03-24 13:33:35,687 INFO     ___FILE_ONLY___ ═
2025-03-24 13:33:35,687 INFO     ___FILE_ONLY___ ═
2025-03-24 13:33:35,687 INFO     ___FILE_ONLY___ ═
2025-03-24 13:33:35,688 INFO     ___FILE_ONLY___ ═
2025-03-24 13:33:35,688 INFO     ___FILE_ONLY___ ═
2025-03-24 13:33:35,688 INFO     ___FILE_ONLY___ ═
2025-03-24 13:33:35,688 INFO     ___FILE_ONLY___ ═
2025-03-24 13:33:35,688 INFO     ___FILE_ONLY___ ═
2025-03-24 13:33:35,688 INFO     ___FILE_ONLY___ ═
2025-03-24 13:33:35,688 INFO     ___FILE_ONLY___ ═
2025-03-24 13:33:35,688 INFO     ___FILE_ONLY___ ═
2025-03-24 13:33:35,688 INFO     ___FILE_ONLY___ ═
2025-03-24 13:33:35,688 INFO     ___FILE_ONLY___ ═
2025-03-24 13:33:35,688 INFO     ___FILE_ONLY___ ═
2025-03-24 13:33:35,689 INFO     ___FILE_ONLY___ ═
2025-03-24 13:33:35,689 INFO     ___FILE_ONLY___ ═
2025-03-24 13:33:35,689 INFO     ___FILE_ONLY___ ═
2025-03-24 13:33:35,689 INFO     ___FILE_ONLY___ ═
2025-03-24 13:33:35,689 INFO     ___FILE_ONLY___ ═
2025-03-24 13:33:35,689 INFO     ___FILE_ONLY___ ═
2025-03-24 13:33:35,689 INFO     ___FILE_ONLY___ ═
2025-03-24 13:33:35,689 INFO     ___FILE_ONLY___ ═
2025-03-24 13:33:35,689 INFO     ___FILE_ONLY___ ═
2025-03-24 13:33:35,689 INFO     ___FILE_ONLY___ ═
2025-03-24 13:33:35,689 INFO     ___FILE_ONLY___ ═
2025-03-24 13:33:35,689 INFO     ___FILE_ONLY___ ═
2025-03-24 13:33:35,689 INFO     ___FILE_ONLY___ ═
2025-03-24 13:33:35,690 INFO     ___FILE_ONLY___ ═
2025-03-24 13:33:35,690 INFO     ___FILE_ONLY___ ═
2025-03-24 13:33:35,690 INFO     ___FILE_ONLY___ ═
2025-03-24 13:33:35,690 INFO     ___FILE_ONLY___ ═
2025-03-24 13:33:35,690 INFO     ___FILE_ONLY___ ═
2025-03-24 13:33:35,690 INFO     ___FILE_ONLY___ ═
2025-03-24 13:33:35,690 INFO     ___FILE_ONLY___ ═
2025-03-24 13:33:35,690 INFO     ___FILE_ONLY___ ═
2025-03-24 13:33:35,690 INFO     ___FILE_ONLY___ ═
2025-03-24 13:33:35,690 INFO     ___FILE_ONLY___ ═
2025-03-24 13:33:35,690 INFO     ___FILE_ONLY___ ═
2025-03-24 13:33:35,690 INFO     ___FILE_ONLY___ ═
2025-03-24 13:33:35,691 INFO     ___FILE_ONLY___ ═
2025-03-24 13:33:35,691 INFO     ___FILE_ONLY___ ═
2025-03-24 13:33:35,691 INFO     ___FILE_ONLY___ ═
2025-03-24 13:33:35,691 INFO     ___FILE_ONLY___ ═
2025-03-24 13:33:35,691 INFO     ___FILE_ONLY___ ═
2025-03-24 13:33:35,691 INFO     ___FILE_ONLY___ ═
2025-03-24 13:33:35,691 INFO     ___FILE_ONLY___ ╝

2025-03-24 13:33:35,693 INFO     ___FILE_ONLY___ ╔════════════════════════════════════════════════════════════╗

2025-03-24 13:33:35,693 INFO     ___FILE_ONLY___ ╠═ Downloading: BigQuery Command Line Tool (Platform Spe... ═╣

2025-03-24 13:33:35,693 INFO     ___FILE_ONLY___ ╚
2025-03-24 13:33:35,697 DEBUG    urllib3.connectionpool Starting new HTTPS connection (1): dl.google.com:443
2025-03-24 13:33:36,753 DEBUG    urllib3.connectionpool https://dl.google.com:443 "GET /dl/cloudsdk/channels/rapid/components/google-cloud-sdk-bq-nix-20240830134514.tar.gz HTTP/11" 200 1914
2025-03-24 13:33:36,753 INFO     ___FILE_ONLY___ ════════════════════════════════════════════════════════════
2025-03-24 13:33:36,754 INFO     ___FILE_ONLY___ ╝

2025-03-24 13:33:36,755 INFO     ___FILE_ONLY___ ╔════════════════════════════════════════════════════════════╗

2025-03-24 13:33:36,756 INFO     ___FILE_ONLY___ ╠═ Downloading: Bundled Python 3.12                         ═╣

2025-03-24 13:33:36,756 INFO     ___FILE_ONLY___ ╚
2025-03-24 13:33:36,756 INFO     ___FILE_ONLY___ ════════════════════════════════════════════════════════════
2025-03-24 13:33:36,756 INFO     ___FILE_ONLY___ ╝

2025-03-24 13:33:36,757 INFO     ___FILE_ONLY___ ╔════════════════════════════════════════════════════════════╗

2025-03-24 13:33:36,757 INFO     ___FILE_ONLY___ ╠═ Downloading: Bundled Python 3.12 (Platform Specific)     ═╣

2025-03-24 13:33:36,757 INFO     ___FILE_ONLY___ ╚
2025-03-24 13:33:36,760 DEBUG    urllib3.connectionpool Starting new HTTPS connection (1): dl.google.com:443
2025-03-24 13:33:37,712 DEBUG    urllib3.connectionpool https://dl.google.com:443 "GET /dl/cloudsdk/channels/rapid/components/google-cloud-sdk-bundled-python3-unix-linux-x86_64-20250131143518.tar.gz HTTP/11" 200 93520256
2025-03-24 13:33:38,022 INFO     ___FILE_ONLY___ ═
2025-03-24 13:33:38,024 INFO     ___FILE_ONLY___ ═
2025-03-24 13:33:38,025 INFO     ___FILE_ONLY___ ═
2025-03-24 13:33:38,027 INFO     ___FILE_ONLY___ ═
2025-03-24 13:33:38,029 INFO     ___FILE_ONLY___ ═
2025-03-24 13:33:38,030 INFO     ___FILE_ONLY___ ═
2025-03-24 13:33:38,032 INFO     ___FILE_ONLY___ ═
2025-03-24 13:33:38,033 INFO     ___FILE_ONLY___ ═
2025-03-24 13:33:38,035 INFO     ___FILE_ONLY___ ═
2025-03-24 13:33:38,036 INFO     ___FILE_ONLY___ ═
2025-03-24 13:33:38,038 INFO     ___FILE_ONLY___ ═
2025-03-24 13:33:38,040 INFO     ___FILE_ONLY___ ═
2025-03-24 13:33:38,041 INFO     ___FILE_ONLY___ ═
2025-03-24 13:33:38,043 INFO     ___FILE_ONLY___ ═
2025-03-24 13:33:38,044 INFO     ___FILE_ONLY___ ═
2025-03-24 13:33:38,046 INFO     ___FILE_ONLY___ ═
2025-03-24 13:33:38,048 INFO     ___FILE_ONLY___ ═
2025-03-24 13:33:38,049 INFO     ___FILE_ONLY___ ═
2025-03-24 13:33:38,051 INFO     ___FILE_ONLY___ ═
2025-03-24 13:33:38,052 INFO     ___FILE_ONLY___ ═
2025-03-24 13:33:38,054 INFO     ___FILE_ONLY___ ═
2025-03-24 13:33:38,055 INFO     ___FILE_ONLY___ ═
2025-03-24 13:33:38,057 INFO     ___FILE_ONLY___ ═
2025-03-24 13:33:38,059 INFO     ___FILE_ONLY___ ═
2025-03-24 13:33:38,060 INFO     ___FILE_ONLY___ ═
2025-03-24 13:33:38,062 INFO     ___FILE_ONLY___ ═
2025-03-24 13:33:38,063 INFO     ___FILE_ONLY___ ═
2025-03-24 13:33:38,065 INFO     ___FILE_ONLY___ ═
2025-03-24 13:33:38,067 INFO     ___FILE_ONLY___ ═
2025-03-24 13:33:38,068 INFO     ___FILE_ONLY___ ═
2025-03-24 13:33:38,070 INFO     ___FILE_ONLY___ ═
2025-03-24 13:33:38,071 INFO     ___FILE_ONLY___ ═
2025-03-24 13:33:38,073 INFO     ___FILE_ONLY___ ═
2025-03-24 13:33:38,074 INFO     ___FILE_ONLY___ ═
2025-03-24 13:33:38,076 INFO     ___FILE_ONLY___ ═
2025-03-24 13:33:38,078 INFO     ___FILE_ONLY___ ═
2025-03-24 13:33:38,079 INFO     ___FILE_ONLY___ ═
2025-03-24 13:33:38,081 INFO     ___FILE_ONLY___ ═
2025-03-24 13:33:38,082 INFO     ___FILE_ONLY___ ═
2025-03-24 13:33:38,084 INFO     ___FILE_ONLY___ ═
2025-03-24 13:33:38,086 INFO     ___FILE_ONLY___ ═
2025-03-24 13:33:38,087 INFO     ___FILE_ONLY___ ═
2025-03-24 13:33:38,089 INFO     ___FILE_ONLY___ ═
2025-03-24 13:33:38,090 INFO     ___FILE_ONLY___ ═
2025-03-24 13:33:38,092 INFO     ___FILE_ONLY___ ═
2025-03-24 13:33:38,093 INFO     ___FILE_ONLY___ ═
2025-03-24 13:33:38,095 INFO     ___FILE_ONLY___ ═
2025-03-24 13:33:38,097 INFO     ___FILE_ONLY___ ═
2025-03-24 13:33:38,098 INFO     ___FILE_ONLY___ ═
2025-03-24 13:33:38,100 INFO     ___FILE_ONLY___ ═
2025-03-24 13:33:38,101 INFO     ___FILE_ONLY___ ═
2025-03-24 13:33:38,103 INFO     ___FILE_ONLY___ ═
2025-03-24 13:33:38,105 INFO     ___FILE_ONLY___ ═
2025-03-24 13:33:38,106 INFO     ___FILE_ONLY___ ═
2025-03-24 13:33:38,108 INFO     ___FILE_ONLY___ ═
2025-03-24 13:33:38,109 INFO     ___FILE_ONLY___ ═
2025-03-24 13:33:38,111 INFO     ___FILE_ONLY___ ═
2025-03-24 13:33:38,112 INFO     ___FILE_ONLY___ ═
2025-03-24 13:33:38,114 INFO     ___FILE_ONLY___ ═
2025-03-24 13:33:38,116 INFO     ___FILE_ONLY___ ═
2025-03-24 13:33:38,116 INFO     ___FILE_ONLY___ ╝

2025-03-24 13:33:38,118 INFO     ___FILE_ONLY___ ╔════════════════════════════════════════════════════════════╗

2025-03-24 13:33:38,118 INFO     ___FILE_ONLY___ ╠═ Downloading: Cloud Storage Command Line Tool             ═╣

2025-03-24 13:33:38,118 INFO     ___FILE_ONLY___ ╚
2025-03-24 13:33:38,121 DEBUG    urllib3.connectionpool Starting new HTTPS connection (1): dl.google.com:443
2025-03-24 13:33:39,161 DEBUG    urllib3.connectionpool https://dl.google.com:443 "GET /dl/cloudsdk/channels/rapid/components/google-cloud-sdk-gsutil-20241213184646.tar.gz HTTP/11" 200 12368759
2025-03-24 13:33:39,203 INFO     ___FILE_ONLY___ ═
2025-03-24 13:33:39,203 INFO     ___FILE_ONLY___ ═
2025-03-24 13:33:39,203 INFO     ___FILE_ONLY___ ═
2025-03-24 13:33:39,204 INFO     ___FILE_ONLY___ ═
2025-03-24 13:33:39,204 INFO     ___FILE_ONLY___ ═
2025-03-24 13:33:39,204 INFO     ___FILE_ONLY___ ═
2025-03-24 13:33:39,204 INFO     ___FILE_ONLY___ ═
2025-03-24 13:33:39,205 INFO     ___FILE_ONLY___ ═
2025-03-24 13:33:39,205 INFO     ___FILE_ONLY___ ═
2025-03-24 13:33:39,205 INFO     ___FILE_ONLY___ ═
2025-03-24 13:33:39,205 INFO     ___FILE_ONLY___ ═
2025-03-24 13:33:39,206 INFO     ___FILE_ONLY___ ═
2025-03-24 13:33:39,206 INFO     ___FILE_ONLY___ ═
2025-03-24 13:33:39,206 INFO     ___FILE_ONLY___ ═
2025-03-24 13:33:39,206 INFO     ___FILE_ONLY___ ═
2025-03-24 13:33:39,206 INFO     ___FILE_ONLY___ ═
2025-03-24 13:33:39,207 INFO     ___FILE_ONLY___ ═
2025-03-24 13:33:39,207 INFO     ___FILE_ONLY___ ═
2025-03-24 13:33:39,207 INFO     ___FILE_ONLY___ ═
2025-03-24 13:33:39,207 INFO     ___FILE_ONLY___ ═
2025-03-24 13:33:39,208 INFO     ___FILE_ONLY___ ═
2025-03-24 13:33:39,208 INFO     ___FILE_ONLY___ ═
2025-03-24 13:33:39,208 INFO     ___FILE_ONLY___ ═
2025-03-24 13:33:39,208 INFO     ___FILE_ONLY___ ═
2025-03-24 13:33:39,209 INFO     ___FILE_ONLY___ ═
2025-03-24 13:33:39,209 INFO     ___FILE_ONLY___ ═
2025-03-24 13:33:39,209 INFO     ___FILE_ONLY___ ═
2025-03-24 13:33:39,209 INFO     ___FILE_ONLY___ ═
2025-03-24 13:33:39,210 INFO     ___FILE_ONLY___ ═
2025-03-24 13:33:39,210 INFO     ___FILE_ONLY___ ═
2025-03-24 13:33:39,210 INFO     ___FILE_ONLY___ ═
2025-03-24 13:33:39,210 INFO     ___FILE_ONLY___ ═
2025-03-24 13:33:39,211 INFO     ___FILE_ONLY___ ═
2025-03-24 13:33:39,211 INFO     ___FILE_ONLY___ ═
2025-03-24 13:33:39,211 INFO     ___FILE_ONLY___ ═
2025-03-24 13:33:39,211 INFO     ___FILE_ONLY___ ═
2025-03-24 13:33:39,212 INFO     ___FILE_ONLY___ ═
2025-03-24 13:33:39,212 INFO     ___FILE_ONLY___ ═
2025-03-24 13:33:39,212 INFO     ___FILE_ONLY___ ═
2025-03-24 13:33:39,212 INFO     ___FILE_ONLY___ ═
2025-03-24 13:33:39,213 INFO     ___FILE_ONLY___ ═
2025-03-24 13:33:39,213 INFO     ___FILE_ONLY___ ═
2025-03-24 13:33:39,213 INFO     ___FILE_ONLY___ ═
2025-03-24 13:33:39,214 INFO     ___FILE_ONLY___ ═
2025-03-24 13:33:39,214 INFO     ___FILE_ONLY___ ═
2025-03-24 13:33:39,214 INFO     ___FILE_ONLY___ ═
2025-03-24 13:33:39,214 INFO     ___FILE_ONLY___ ═
2025-03-24 13:33:39,215 INFO     ___FILE_ONLY___ ═
2025-03-24 13:33:39,215 INFO     ___FILE_ONLY___ ═
2025-03-24 13:33:39,215 INFO     ___FILE_ONLY___ ═
2025-03-24 13:33:39,215 INFO     ___FILE_ONLY___ ═
2025-03-24 13:33:39,216 INFO     ___FILE_ONLY___ ═
2025-03-24 13:33:39,216 INFO     ___FILE_ONLY___ ═
2025-03-24 13:33:39,216 INFO     ___FILE_ONLY___ ═
2025-03-24 13:33:39,217 INFO     ___FILE_ONLY___ ═
2025-03-24 13:33:39,217 INFO     ___FILE_ONLY___ ═
2025-03-24 13:33:39,217 INFO     ___FILE_ONLY___ ═
2025-03-24 13:33:39,217 INFO     ___FILE_ONLY___ ═
2025-03-24 13:33:39,218 INFO     ___FILE_ONLY___ ═
2025-03-24 13:33:39,218 INFO     ___FILE_ONLY___ ═
2025-03-24 13:33:39,218 INFO     ___FILE_ONLY___ ╝

2025-03-24 13:33:39,220 INFO     ___FILE_ONLY___ ╔════════════════════════════════════════════════════════════╗

2025-03-24 13:33:39,220 INFO     ___FILE_ONLY___ ╠═ Downloading: Cloud Storage Command Line Tool (Platfor... ═╣

2025-03-24 13:33:39,220 INFO     ___FILE_ONLY___ ╚
2025-03-24 13:33:39,223 DEBUG    urllib3.connectionpool Starting new HTTPS connection (1): dl.google.com:443
2025-03-24 13:33:40,175 DEBUG    urllib3.connectionpool https://dl.google.com:443 "GET /dl/cloudsdk/channels/rapid/components/google-cloud-sdk-gsutil-nix-20240830134514.tar.gz HTTP/11" 200 1928
2025-03-24 13:33:40,176 INFO     ___FILE_ONLY___ ════════════════════════════════════════════════════════════
2025-03-24 13:33:40,176 INFO     ___FILE_ONLY___ ╝

2025-03-24 13:33:40,178 INFO     ___FILE_ONLY___ ╔════════════════════════════════════════════════════════════╗

2025-03-24 13:33:40,178 INFO     ___FILE_ONLY___ ╠═ Downloading: Default set of gcloud commands              ═╣

2025-03-24 13:33:40,178 INFO     ___FILE_ONLY___ ╚
2025-03-24 13:33:40,178 INFO     ___FILE_ONLY___ ════════════════════════════════════════════════════════════
2025-03-24 13:33:40,178 INFO     ___FILE_ONLY___ ╝

2025-03-24 13:33:40,180 INFO     ___FILE_ONLY___ ╔════════════════════════════════════════════════════════════╗

2025-03-24 13:33:40,180 INFO     ___FILE_ONLY___ ╠═ Downloading: Google Cloud CLI Core Libraries (Platfor... ═╣

2025-03-24 13:33:40,180 INFO     ___FILE_ONLY___ ╚
2025-03-24 13:33:40,183 DEBUG    urllib3.connectionpool Starting new HTTPS connection (1): dl.google.com:443
2025-03-24 13:33:41,156 DEBUG    urllib3.connectionpool https://dl.google.com:443 "GET /dl/cloudsdk/channels/rapid/components/google-cloud-sdk-core-nix-20240830134514.tar.gz HTTP/11" 200 2306
2025-03-24 13:33:41,156 INFO     ___FILE_ONLY___ ════════════════════════════════════════════════════════════
2025-03-24 13:33:41,157 INFO     ___FILE_ONLY___ ╝

2025-03-24 13:33:41,158 INFO     ___FILE_ONLY___ ╔════════════════════════════════════════════════════════════╗

2025-03-24 13:33:41,158 INFO     ___FILE_ONLY___ ╠═ Downloading: Google Cloud CRC32C Hash Tool               ═╣

2025-03-24 13:33:41,159 INFO     ___FILE_ONLY___ ╚
2025-03-24 13:33:41,159 INFO     ___FILE_ONLY___ ════════════════════════════════════════════════════════════
2025-03-24 13:33:41,159 INFO     ___FILE_ONLY___ ╝

2025-03-24 13:33:41,160 INFO     ___FILE_ONLY___ ╔════════════════════════════════════════════════════════════╗

2025-03-24 13:33:41,160 INFO     ___FILE_ONLY___ ╠═ Downloading: Google Cloud CRC32C Hash Tool (Platform ... ═╣

2025-03-24 13:33:41,160 INFO     ___FILE_ONLY___ ╚
2025-03-24 13:33:41,163 DEBUG    urllib3.connectionpool Starting new HTTPS connection (1): dl.google.com:443
2025-03-24 13:33:42,126 DEBUG    urllib3.connectionpool https://dl.google.com:443 "GET /dl/cloudsdk/channels/rapid/components/google-cloud-sdk-gcloud-crc32c-linux-x86_64-20250110133808.tar.gz HTTP/11" 200 1478989
2025-03-24 13:33:42,137 INFO     ___FILE_ONLY___ ═
2025-03-24 13:33:42,137 INFO     ___FILE_ONLY___ ═
2025-03-24 13:33:42,138 INFO     ___FILE_ONLY___ ═
2025-03-24 13:33:42,138 INFO     ___FILE_ONLY___ ═
2025-03-24 13:33:42,138 INFO     ___FILE_ONLY___ ═
2025-03-24 13:33:42,138 INFO     ___FILE_ONLY___ ═
2025-03-24 13:33:42,138 INFO     ___FILE_ONLY___ ═
2025-03-24 13:33:42,138 INFO     ___FILE_ONLY___ ═
2025-03-24 13:33:42,138 INFO     ___FILE_ONLY___ ═
2025-03-24 13:33:42,138 INFO     ___FILE_ONLY___ ═
2025-03-24 13:33:42,138 INFO     ___FILE_ONLY___ ═
2025-03-24 13:33:42,138 INFO     ___FILE_ONLY___ ═
2025-03-24 13:33:42,138 INFO     ___FILE_ONLY___ ═
2025-03-24 13:33:42,138 INFO     ___FILE_ONLY___ ═
2025-03-24 13:33:42,138 INFO     ___FILE_ONLY___ ═
2025-03-24 13:33:42,139 INFO     ___FILE_ONLY___ ═
2025-03-24 13:33:42,139 INFO     ___FILE_ONLY___ ═
2025-03-24 13:33:42,139 INFO     ___FILE_ONLY___ ═
2025-03-24 13:33:42,139 INFO     ___FILE_ONLY___ ═
2025-03-24 13:33:42,139 INFO     ___FILE_ONLY___ ═
2025-03-24 13:33:42,139 INFO     ___FILE_ONLY___ ═
2025-03-24 13:33:42,139 INFO     ___FILE_ONLY___ ═
2025-03-24 13:33:42,139 INFO     ___FILE_ONLY___ ═
2025-03-24 13:33:42,139 INFO     ___FILE_ONLY___ ═
2025-03-24 13:33:42,139 INFO     ___FILE_ONLY___ ═
2025-03-24 13:33:42,139 INFO     ___FILE_ONLY___ ═
2025-03-24 13:33:42,139 INFO     ___FILE_ONLY___ ═
2025-03-24 13:33:42,139 INFO     ___FILE_ONLY___ ═
2025-03-24 13:33:42,140 INFO     ___FILE_ONLY___ ═
2025-03-24 13:33:42,140 INFO     ___FILE_ONLY___ ═
2025-03-24 13:33:42,140 INFO     ___FILE_ONLY___ ═
2025-03-24 13:33:42,140 INFO     ___FILE_ONLY___ ═
2025-03-24 13:33:42,140 INFO     ___FILE_ONLY___ ═
2025-03-24 13:33:42,140 INFO     ___FILE_ONLY___ ═
2025-03-24 13:33:42,140 INFO     ___FILE_ONLY___ ═
2025-03-24 13:33:42,140 INFO     ___FILE_ONLY___ ═
2025-03-24 13:33:42,140 INFO     ___FILE_ONLY___ ═
2025-03-24 13:33:42,140 INFO     ___FILE_ONLY___ ═
2025-03-24 13:33:42,140 INFO     ___FILE_ONLY___ ═
2025-03-24 13:33:42,140 INFO     ___FILE_ONLY___ ═
2025-03-24 13:33:42,140 INFO     ___FILE_ONLY___ ═
2025-03-24 13:33:42,141 INFO     ___FILE_ONLY___ ═
2025-03-24 13:33:42,141 INFO     ___FILE_ONLY___ ═
2025-03-24 13:33:42,141 INFO     ___FILE_ONLY___ ═
2025-03-24 13:33:42,141 INFO     ___FILE_ONLY___ ═
2025-03-24 13:33:42,141 INFO     ___FILE_ONLY___ ═
2025-03-24 13:33:42,141 INFO     ___FILE_ONLY___ ═
2025-03-24 13:33:42,141 INFO     ___FILE_ONLY___ ═
2025-03-24 13:33:42,141 INFO     ___FILE_ONLY___ ═
2025-03-24 13:33:42,141 INFO     ___FILE_ONLY___ ═
2025-03-24 13:33:42,141 INFO     ___FILE_ONLY___ ═
2025-03-24 13:33:42,141 INFO     ___FILE_ONLY___ ═
2025-03-24 13:33:42,141 INFO     ___FILE_ONLY___ ═
2025-03-24 13:33:42,141 INFO     ___FILE_ONLY___ ═
2025-03-24 13:33:42,142 INFO     ___FILE_ONLY___ ═
2025-03-24 13:33:42,142 INFO     ___FILE_ONLY___ ═
2025-03-24 13:33:42,142 INFO     ___FILE_ONLY___ ═
2025-03-24 13:33:42,142 INFO     ___FILE_ONLY___ ═
2025-03-24 13:33:42,142 INFO     ___FILE_ONLY___ ═
2025-03-24 13:33:42,142 INFO     ___FILE_ONLY___ ═
2025-03-24 13:33:42,142 INFO     ___FILE_ONLY___ ╝

2025-03-24 13:33:42,144 INFO     ___FILE_ONLY___ ╔════════════════════════════════════════════════════════════╗

2025-03-24 13:33:42,144 INFO     ___FILE_ONLY___ ╠═ Downloading: gcloud cli dependencies (Platform Specific) ═╣

2025-03-24 13:33:42,144 INFO     ___FILE_ONLY___ ╚
2025-03-24 13:33:42,147 DEBUG    urllib3.connectionpool Starting new HTTPS connection (1): dl.google.com:443
2025-03-24 13:33:42,354 DEBUG    urllib3.connectionpool https://dl.google.com:443 "GET /dl/cloudsdk/channels/rapid/components/google-cloud-sdk-gcloud-deps-linux-x86_64-20210416153011.tar.gz HTTP/11" 200 104
2025-03-24 13:33:42,356 INFO     ___FILE_ONLY___ ════════════════════════════════════════════════════════════
2025-03-24 13:33:42,356 INFO     ___FILE_ONLY___ ╝

2025-03-24 13:33:42,358 INFO     ___FILE_ONLY___ ╔════════════════════════════════════════════════════════════╗

2025-03-24 13:33:42,358 INFO     ___FILE_ONLY___ ╠═ Installing: BigQuery Command Line Tool                   ═╣

2025-03-24 13:33:42,358 INFO     ___FILE_ONLY___ ╚
2025-03-24 13:33:42,449 INFO     ___FILE_ONLY___ ═
2025-03-24 13:33:42,452 INFO     ___FILE_ONLY___ ═
2025-03-24 13:33:42,454 INFO     ___FILE_ONLY___ ═
2025-03-24 13:33:42,456 INFO     ___FILE_ONLY___ ═
2025-03-24 13:33:42,458 INFO     ___FILE_ONLY___ ═
2025-03-24 13:33:42,460 INFO     ___FILE_ONLY___ ═
2025-03-24 13:33:42,462 INFO     ___FILE_ONLY___ ═
2025-03-24 13:33:42,464 INFO     ___FILE_ONLY___ ═
2025-03-24 13:33:42,466 INFO     ___FILE_ONLY___ ═
2025-03-24 13:33:42,469 INFO     ___FILE_ONLY___ ═
2025-03-24 13:33:42,471 INFO     ___FILE_ONLY___ ═
2025-03-24 13:33:42,472 INFO     ___FILE_ONLY___ ═
2025-03-24 13:33:42,475 INFO     ___FILE_ONLY___ ═
2025-03-24 13:33:42,476 INFO     ___FILE_ONLY___ ═
2025-03-24 13:33:42,478 INFO     ___FILE_ONLY___ ═
2025-03-24 13:33:42,481 INFO     ___FILE_ONLY___ ═
2025-03-24 13:33:42,482 INFO     ___FILE_ONLY___ ═
2025-03-24 13:33:42,484 INFO     ___FILE_ONLY___ ═
2025-03-24 13:33:42,488 INFO     ___FILE_ONLY___ ═
2025-03-24 13:33:42,490 INFO     ___FILE_ONLY___ ═
2025-03-24 13:33:42,494 INFO     ___FILE_ONLY___ ═
2025-03-24 13:33:42,496 INFO     ___FILE_ONLY___ ═
2025-03-24 13:33:42,498 INFO     ___FILE_ONLY___ ═
2025-03-24 13:33:42,499 INFO     ___FILE_ONLY___ ═
2025-03-24 13:33:42,501 INFO     ___FILE_ONLY___ ═
2025-03-24 13:33:42,503 INFO     ___FILE_ONLY___ ═
2025-03-24 13:33:42,505 INFO     ___FILE_ONLY___ ═
2025-03-24 13:33:42,507 INFO     ___FILE_ONLY___ ═
2025-03-24 13:33:42,511 INFO     ___FILE_ONLY___ ═
2025-03-24 13:33:42,513 INFO     ___FILE_ONLY___ ═
2025-03-24 13:33:42,515 INFO     ___FILE_ONLY___ ═
2025-03-24 13:33:42,516 INFO     ___FILE_ONLY___ ═
2025-03-24 13:33:42,519 INFO     ___FILE_ONLY___ ═
2025-03-24 13:33:42,522 INFO     ___FILE_ONLY___ ═
2025-03-24 13:33:42,529 INFO     ___FILE_ONLY___ ═
2025-03-24 13:33:42,534 INFO     ___FILE_ONLY___ ═
2025-03-24 13:33:42,538 INFO     ___FILE_ONLY___ ═
2025-03-24 13:33:42,540 INFO     ___FILE_ONLY___ ═
2025-03-24 13:33:42,543 INFO     ___FILE_ONLY___ ═
2025-03-24 13:33:42,545 INFO     ___FILE_ONLY___ ═
2025-03-24 13:33:42,546 INFO     ___FILE_ONLY___ ═
2025-03-24 13:33:42,549 INFO     ___FILE_ONLY___ ═
2025-03-24 13:33:42,553 INFO     ___FILE_ONLY___ ═
2025-03-24 13:33:42,555 INFO     ___FILE_ONLY___ ═
2025-03-24 13:33:42,557 INFO     ___FILE_ONLY___ ═
2025-03-24 13:33:42,559 INFO     ___FILE_ONLY___ ═
2025-03-24 13:33:42,561 INFO     ___FILE_ONLY___ ═
2025-03-24 13:33:42,563 INFO     ___FILE_ONLY___ ═
2025-03-24 13:33:42,565 INFO     ___FILE_ONLY___ ═
2025-03-24 13:33:42,567 INFO     ___FILE_ONLY___ ═
2025-03-24 13:33:42,570 INFO     ___FILE_ONLY___ ═
2025-03-24 13:33:42,571 INFO     ___FILE_ONLY___ ═
2025-03-24 13:33:42,573 INFO     ___FILE_ONLY___ ═
2025-03-24 13:33:42,575 INFO     ___FILE_ONLY___ ═
2025-03-24 13:33:42,577 INFO     ___FILE_ONLY___ ═
2025-03-24 13:33:42,579 INFO     ___FILE_ONLY___ ═
2025-03-24 13:33:42,580 INFO     ___FILE_ONLY___ ═
2025-03-24 13:33:42,583 INFO     ___FILE_ONLY___ ═
2025-03-24 13:33:42,584 INFO     ___FILE_ONLY___ ═
2025-03-24 13:33:42,586 INFO     ___FILE_ONLY___ ═
2025-03-24 13:33:42,586 INFO     ___FILE_ONLY___ ╝

2025-03-24 13:33:42,594 INFO     ___FILE_ONLY___ ╔════════════════════════════════════════════════════════════╗

2025-03-24 13:33:42,594 INFO     ___FILE_ONLY___ ╠═ Installing: BigQuery Command Line Tool (Platform Spec... ═╣

2025-03-24 13:33:42,594 INFO     ___FILE_ONLY___ ╚
2025-03-24 13:33:42,594 INFO     ___FILE_ONLY___ ════════════════════════════════════════════════════════════
2025-03-24 13:33:42,594 INFO     ___FILE_ONLY___ ╝

2025-03-24 13:33:42,598 INFO     ___FILE_ONLY___ ╔════════════════════════════════════════════════════════════╗

2025-03-24 13:33:42,598 INFO     ___FILE_ONLY___ ╠═ Installing: Bundled Python 3.12                          ═╣

2025-03-24 13:33:42,598 INFO     ___FILE_ONLY___ ╚
2025-03-24 13:33:42,602 INFO     ___FILE_ONLY___ ════════════════════════════════════════════════════════════
2025-03-24 13:33:42,602 INFO     ___FILE_ONLY___ ╝

2025-03-24 13:33:42,604 INFO     ___FILE_ONLY___ ╔════════════════════════════════════════════════════════════╗

2025-03-24 13:33:42,604 INFO     ___FILE_ONLY___ ╠═ Installing: Bundled Python 3.12 (Platform Specific)      ═╣

2025-03-24 13:33:42,604 INFO     ___FILE_ONLY___ ╚
2025-03-24 13:33:45,650 INFO     ___FILE_ONLY___ ═
2025-03-24 13:33:46,125 INFO     ___FILE_ONLY___ ═
2025-03-24 13:33:46,145 INFO     ___FILE_ONLY___ ═
2025-03-24 13:33:46,178 INFO     ___FILE_ONLY___ ═
2025-03-24 13:33:46,198 INFO     ___FILE_ONLY___ ═
2025-03-24 13:33:46,212 INFO     ___FILE_ONLY___ ═
2025-03-24 13:33:46,241 INFO     ___FILE_ONLY___ ═
2025-03-24 13:33:46,259 INFO     ___FILE_ONLY___ ═
2025-03-24 13:33:46,277 INFO     ___FILE_ONLY___ ═
2025-03-24 13:33:46,292 INFO     ___FILE_ONLY___ ═
2025-03-24 13:33:46,307 INFO     ___FILE_ONLY___ ═
2025-03-24 13:33:46,331 INFO     ___FILE_ONLY___ ═
2025-03-24 13:33:46,468 INFO     ___FILE_ONLY___ ═
2025-03-24 13:33:46,484 INFO     ___FILE_ONLY___ ═
2025-03-24 13:33:46,499 INFO     ___FILE_ONLY___ ═
2025-03-24 13:33:46,514 INFO     ___FILE_ONLY___ ═
2025-03-24 13:33:46,526 INFO     ___FILE_ONLY___ ═
2025-03-24 13:33:46,542 INFO     ___FILE_ONLY___ ═
2025-03-24 13:33:46,559 INFO     ___FILE_ONLY___ ═
2025-03-24 13:33:46,578 INFO     ___FILE_ONLY___ ═
2025-03-24 13:33:46,592 INFO     ___FILE_ONLY___ ═
2025-03-24 13:33:46,684 INFO     ___FILE_ONLY___ ═
2025-03-24 13:33:46,705 INFO     ___FILE_ONLY___ ═
2025-03-24 13:33:47,193 INFO     ___FILE_ONLY___ ═
2025-03-24 13:33:47,208 INFO     ___FILE_ONLY___ ═
2025-03-24 13:33:47,222 INFO     ___FILE_ONLY___ ═
2025-03-24 13:33:47,233 INFO     ___FILE_ONLY___ ═
2025-03-24 13:33:47,245 INFO     ___FILE_ONLY___ ═
2025-03-24 13:33:47,256 INFO     ___FILE_ONLY___ ═
2025-03-24 13:33:47,268 INFO     ___FILE_ONLY___ ═
2025-03-24 13:33:47,279 INFO     ___FILE_ONLY___ ═
2025-03-24 13:33:47,290 INFO     ___FILE_ONLY___ ═
2025-03-24 13:33:47,301 INFO     ___FILE_ONLY___ ═
2025-03-24 13:33:47,312 INFO     ___FILE_ONLY___ ═
2025-03-24 13:33:47,323 INFO     ___FILE_ONLY___ ═
2025-03-24 13:33:47,334 INFO     ___FILE_ONLY___ ═
2025-03-24 13:33:47,346 INFO     ___FILE_ONLY___ ═
2025-03-24 13:33:47,357 INFO     ___FILE_ONLY___ ═
2025-03-24 13:33:47,369 INFO     ___FILE_ONLY___ ═
2025-03-24 13:33:47,380 INFO     ___FILE_ONLY___ ═
2025-03-24 13:33:47,392 INFO     ___FILE_ONLY___ ═
2025-03-24 13:33:47,403 INFO     ___FILE_ONLY___ ═
2025-03-24 13:33:47,415 INFO     ___FILE_ONLY___ ═
2025-03-24 13:33:47,426 INFO     ___FILE_ONLY___ ═
2025-03-24 13:33:47,438 INFO     ___FILE_ONLY___ ═
2025-03-24 13:33:47,449 INFO     ___FILE_ONLY___ ═
2025-03-24 13:33:47,461 INFO     ___FILE_ONLY___ ═
2025-03-24 13:33:47,472 INFO     ___FILE_ONLY___ ═
2025-03-24 13:33:47,484 INFO     ___FILE_ONLY___ ═
2025-03-24 13:33:47,498 INFO     ___FILE_ONLY___ ═
2025-03-24 13:33:47,510 INFO     ___FILE_ONLY___ ═
2025-03-24 13:33:47,521 INFO     ___FILE_ONLY___ ═
2025-03-24 13:33:47,532 INFO     ___FILE_ONLY___ ═
2025-03-24 13:33:47,543 INFO     ___FILE_ONLY___ ═
2025-03-24 13:33:47,555 INFO     ___FILE_ONLY___ ═
2025-03-24 13:33:47,566 INFO     ___FILE_ONLY___ ═
2025-03-24 13:33:47,577 INFO     ___FILE_ONLY___ ═
2025-03-24 13:33:47,589 INFO     ___FILE_ONLY___ ═
2025-03-24 13:33:47,601 INFO     ___FILE_ONLY___ ═
2025-03-24 13:33:47,612 INFO     ___FILE_ONLY___ ═
2025-03-24 13:33:47,612 INFO     ___FILE_ONLY___ ╝

2025-03-24 13:33:47,661 INFO     ___FILE_ONLY___ ╔════════════════════════════════════════════════════════════╗

2025-03-24 13:33:47,662 INFO     ___FILE_ONLY___ ╠═ Installing: Cloud Storage Command Line Tool              ═╣

2025-03-24 13:33:47,662 INFO     ___FILE_ONLY___ ╚
2025-03-24 13:33:48,188 INFO     ___FILE_ONLY___ ═
2025-03-24 13:33:48,204 INFO     ___FILE_ONLY___ ═
2025-03-24 13:33:48,224 INFO     ___FILE_ONLY___ ═
2025-03-24 13:33:48,239 INFO     ___FILE_ONLY___ ═
2025-03-24 13:33:48,253 INFO     ___FILE_ONLY___ ═
2025-03-24 13:33:48,265 INFO     ___FILE_ONLY___ ═
2025-03-24 13:33:48,278 INFO     ___FILE_ONLY___ ═
2025-03-24 13:33:48,290 INFO     ___FILE_ONLY___ ═
2025-03-24 13:33:48,303 INFO     ___FILE_ONLY___ ═
2025-03-24 13:33:48,315 INFO     ___FILE_ONLY___ ═
2025-03-24 13:33:48,328 INFO     ___FILE_ONLY___ ═
2025-03-24 13:33:48,339 INFO     ___FILE_ONLY___ ═
2025-03-24 13:33:48,347 INFO     ___FILE_ONLY___ ═
2025-03-24 13:33:48,356 INFO     ___FILE_ONLY___ ═
2025-03-24 13:33:48,365 INFO     ___FILE_ONLY___ ═
2025-03-24 13:33:48,374 INFO     ___FILE_ONLY___ ═
2025-03-24 13:33:48,385 INFO     ___FILE_ONLY___ ═
2025-03-24 13:33:48,394 INFO     ___FILE_ONLY___ ═
2025-03-24 13:33:48,405 INFO     ___FILE_ONLY___ ═
2025-03-24 13:33:48,414 INFO     ___FILE_ONLY___ ═
2025-03-24 13:33:48,426 INFO     ___FILE_ONLY___ ═
2025-03-24 13:33:48,439 INFO     ___FILE_ONLY___ ═
2025-03-24 13:33:48,453 INFO     ___FILE_ONLY___ ═
2025-03-24 13:33:48,462 INFO     ___FILE_ONLY___ ═
2025-03-24 13:33:48,474 INFO     ___FILE_ONLY___ ═
2025-03-24 13:33:48,488 INFO     ___FILE_ONLY___ ═
2025-03-24 13:33:48,504 INFO     ___FILE_ONLY___ ═
2025-03-24 13:33:48,522 INFO     ___FILE_ONLY___ ═
2025-03-24 13:33:48,537 INFO     ___FILE_ONLY___ ═
2025-03-24 13:33:48,556 INFO     ___FILE_ONLY___ ═
2025-03-24 13:33:48,566 INFO     ___FILE_ONLY___ ═
2025-03-24 13:33:48,576 INFO     ___FILE_ONLY___ ═
2025-03-24 13:33:48,593 INFO     ___FILE_ONLY___ ═
2025-03-24 13:33:48,605 INFO     ___FILE_ONLY___ ═
2025-03-24 13:33:48,615 INFO     ___FILE_ONLY___ ═
2025-03-24 13:33:48,625 INFO     ___FILE_ONLY___ ═
2025-03-24 13:33:48,634 INFO     ___FILE_ONLY___ ═
2025-03-24 13:33:48,644 INFO     ___FILE_ONLY___ ═
2025-03-24 13:33:48,654 INFO     ___FILE_ONLY___ ═
2025-03-24 13:33:48,665 INFO     ___FILE_ONLY___ ═
2025-03-24 13:33:48,674 INFO     ___FILE_ONLY___ ═
2025-03-24 13:33:48,686 INFO     ___FILE_ONLY___ ═
2025-03-24 13:33:48,695 INFO     ___FILE_ONLY___ ═
2025-03-24 13:33:48,708 INFO     ___FILE_ONLY___ ═
2025-03-24 13:33:48,722 INFO     ___FILE_ONLY___ ═
2025-03-24 13:33:48,733 INFO     ___FILE_ONLY___ ═
2025-03-24 13:33:48,741 INFO     ___FILE_ONLY___ ═
2025-03-24 13:33:48,751 INFO     ___FILE_ONLY___ ═
2025-03-24 13:33:48,761 INFO     ___FILE_ONLY___ ═
2025-03-24 13:33:48,773 INFO     ___FILE_ONLY___ ═
2025-03-24 13:33:48,789 INFO     ___FILE_ONLY___ ═
2025-03-24 13:33:48,800 INFO     ___FILE_ONLY___ ═
2025-03-24 13:33:48,814 INFO     ___FILE_ONLY___ ═
2025-03-24 13:33:48,827 INFO     ___FILE_ONLY___ ═
2025-03-24 13:33:48,860 INFO     ___FILE_ONLY___ ═
2025-03-24 13:33:48,869 INFO     ___FILE_ONLY___ ═
2025-03-24 13:33:48,879 INFO     ___FILE_ONLY___ ═
2025-03-24 13:33:48,889 INFO     ___FILE_ONLY___ ═
2025-03-24 13:33:48,899 INFO     ___FILE_ONLY___ ═
2025-03-24 13:33:48,913 INFO     ___FILE_ONLY___ ═
2025-03-24 13:33:48,913 INFO     ___FILE_ONLY___ ╝

2025-03-24 13:33:48,942 INFO     ___FILE_ONLY___ ╔════════════════════════════════════════════════════════════╗

2025-03-24 13:33:48,942 INFO     ___FILE_ONLY___ ╠═ Installing: Cloud Storage Command Line Tool (Platform... ═╣

2025-03-24 13:33:48,942 INFO     ___FILE_ONLY___ ╚
2025-03-24 13:33:48,942 INFO     ___FILE_ONLY___ ════════════════════════════════════════════════════════════
2025-03-24 13:33:48,943 INFO     ___FILE_ONLY___ ╝

2025-03-24 13:33:48,946 INFO     ___FILE_ONLY___ ╔════════════════════════════════════════════════════════════╗

2025-03-24 13:33:48,947 INFO     ___FILE_ONLY___ ╠═ Installing: Default set of gcloud commands               ═╣

2025-03-24 13:33:48,947 INFO     ___FILE_ONLY___ ╚
2025-03-24 13:33:48,949 INFO     ___FILE_ONLY___ ════════════════════════════════════════════════════════════
2025-03-24 13:33:48,949 INFO     ___FILE_ONLY___ ╝

2025-03-24 13:33:48,950 INFO     ___FILE_ONLY___ ╔════════════════════════════════════════════════════════════╗

2025-03-24 13:33:48,950 INFO     ___FILE_ONLY___ ╠═ Installing: Google Cloud CLI Core Libraries (Platform... ═╣

2025-03-24 13:33:48,951 INFO     ___FILE_ONLY___ ╚
2025-03-24 13:33:48,951 INFO     ___FILE_ONLY___ ══════════════════════════════
2025-03-24 13:33:48,952 INFO     ___FILE_ONLY___ ══════════════════════════════
2025-03-24 13:33:48,952 INFO     ___FILE_ONLY___ ╝

2025-03-24 13:33:48,956 INFO     ___FILE_ONLY___ ╔════════════════════════════════════════════════════════════╗

2025-03-24 13:33:48,956 INFO     ___FILE_ONLY___ ╠═ Installing: Google Cloud CRC32C Hash Tool                ═╣

2025-03-24 13:33:48,956 INFO     ___FILE_ONLY___ ╚
2025-03-24 13:33:48,958 INFO     ___FILE_ONLY___ ════════════════════════════════════════════════════════════
2025-03-24 13:33:48,958 INFO     ___FILE_ONLY___ ╝

2025-03-24 13:33:48,960 INFO     ___FILE_ONLY___ ╔════════════════════════════════════════════════════════════╗

2025-03-24 13:33:48,960 INFO     ___FILE_ONLY___ ╠═ Installing: Google Cloud CRC32C Hash Tool (Platform S... ═╣

2025-03-24 13:33:48,960 INFO     ___FILE_ONLY___ ╚
2025-03-24 13:33:48,998 INFO     ___FILE_ONLY___ ══════════════════════════════
2025-03-24 13:33:48,998 INFO     ___FILE_ONLY___ ══════════════════════════════
2025-03-24 13:33:48,999 INFO     ___FILE_ONLY___ ╝

2025-03-24 13:33:49,003 INFO     ___FILE_ONLY___ ╔════════════════════════════════════════════════════════════╗

2025-03-24 13:33:49,003 INFO     ___FILE_ONLY___ ╠═ Installing: gcloud cli dependencies (Platform Specific)  ═╣

2025-03-24 13:33:49,003 INFO     ___FILE_ONLY___ ╚
2025-03-24 13:33:49,003 INFO     ___FILE_ONLY___ ════════════════════════════════════════════════════════════
2025-03-24 13:33:49,003 INFO     ___FILE_ONLY___ ╝

2025-03-24 13:33:49,008 DEBUG    root            Updating notification cache...
2025-03-24 13:33:49,008 INFO     ___FILE_ONLY___ 

2025-03-24 13:33:49,010 INFO     ___FILE_ONLY___ Performing post processing steps...
2025-03-24 13:33:49,010 DEBUG    root            Executing command: ['/tools/google-cloud-sdk/bin/gcloud', 'components', 'post-process']
2025-03-24 13:33:56,801 DEBUG    ___FILE_ONLY___ 
2025-03-24 13:33:56,801 DEBUG    ___FILE_ONLY___ 
2025-03-24 13:33:57,041 INFO     root            descriptor_list: [{'universeDomain': 'googleapis.com', 'universeShortName': '', 'authenticationDomain': 'auth.cloud.google.com', 'projectPrefix': '', 'cloudWebDomain': 'cloud.google.com', 'documentationDomain': 'cloud.google.com', 'version': '1.0.0', 'state': 'primary', 'artifactRegistryDomain': 'pkg.dev'}]
2025-03-24 13:33:57,042 INFO     ___FILE_ONLY___ 
Update done!


2025-03-24 13:33:57,044 DEBUG    root            Chosen display Format:none
2025-03-24 13:33:57,045 INFO     root            Display format: "none"
